TN:
SF:module/src/logging.mts
FNF:0
FNH:0
DA:1,1
DA:2,1
DA:3,1
DA:4,1
DA:5,1
DA:6,1
DA:7,1
DA:8,1
DA:9,1
DA:10,1
DA:11,1
DA:12,1
DA:13,1
DA:14,1
DA:15,1
LF:15
LH:15
BRDA:9,0,0,1
BRF:1
BRH:1
end_of_record
TN:
SF:module/twitch/src/twitch/environment.mts
FNF:0
FNH:0
DA:1,1
DA:2,1
DA:3,1
DA:4,1
DA:5,1
DA:6,1
DA:7,1
DA:8,1
DA:9,1
DA:10,1
DA:11,1
DA:12,1
DA:13,1
DA:14,1
DA:15,1
DA:16,1
DA:17,1
DA:18,1
DA:19,1
DA:20,1
DA:21,1
DA:22,1
DA:23,1
DA:24,1
DA:25,1
LF:25
LH:25
BRDA:12,0,0,0
BRF:1
BRH:0
end_of_record
TN:
SF:module/twitch/src/twitch/oidc.mts
FN:22,<instance_members_initializer>
FN:26,TwitchOIDC
FN:30,filepath
FN:34,state
FN:38,nonce
FN:42,load
FN:97,read
FN:108,authorize
FN:128,validate
FN:173,token
FN:214,refresh
FN:272,write
FNF:12
FNH:10
FNDA:15,<instance_members_initializer>
FNDA:15,TwitchOIDC
FNDA:3,filepath
FNDA:1,state
FNDA:1,nonce
FNDA:0,load
FNDA:2,read
FNDA:1,authorize
FNDA:4,validate
FNDA:0,token
FNDA:5,refresh
FNDA:2,write
DA:1,1
DA:2,1
DA:3,1
DA:4,1
DA:5,1
DA:6,1
DA:7,1
DA:8,1
DA:9,1
DA:10,1
DA:11,1
DA:12,1
DA:13,1
DA:14,1
DA:15,1
DA:16,1
DA:17,1
DA:18,1
DA:19,1
DA:20,1
DA:21,1
DA:22,1
DA:23,15
DA:24,15
DA:25,15
DA:26,15
DA:27,15
DA:28,15
DA:29,15
DA:30,15
DA:31,3
DA:32,3
DA:33,15
DA:34,15
DA:35,1
DA:36,1
DA:37,15
DA:38,15
DA:39,1
DA:40,1
DA:41,15
DA:42,15
DA:43,0
DA:44,0
DA:45,0
DA:46,0
DA:47,0
DA:48,0
DA:49,0
DA:50,0
DA:51,0
DA:52,0
DA:53,0
DA:54,0
DA:55,0
DA:56,0
DA:57,0
DA:58,0
DA:59,0
DA:60,0
DA:61,0
DA:62,0
DA:63,0
DA:64,0
DA:65,0
DA:66,0
DA:67,0
DA:68,0
DA:69,0
DA:70,0
DA:71,0
DA:72,0
DA:73,0
DA:74,0
DA:75,0
DA:76,0
DA:77,0
DA:78,0
DA:79,0
DA:80,0
DA:81,0
DA:82,0
DA:83,0
DA:84,0
DA:85,0
DA:86,0
DA:87,0
DA:88,0
DA:89,0
DA:90,0
DA:91,0
DA:92,0
DA:93,0
DA:94,0
DA:95,0
DA:96,15
DA:97,15
DA:98,2
DA:99,2
DA:100,2
DA:101,2
DA:102,2
DA:103,2
DA:104,0
DA:105,0
DA:106,2
DA:107,15
DA:108,15
DA:109,1
DA:110,1
DA:111,1
DA:112,1
DA:113,1
DA:114,1
DA:115,1
DA:116,1
DA:117,1
DA:118,1
DA:119,1
DA:120,1
DA:121,1
DA:122,1
DA:123,1
DA:124,1
DA:125,1
DA:126,1
DA:127,15
DA:128,15
DA:129,4
DA:130,4
DA:131,4
DA:132,4
DA:133,4
DA:134,4
DA:135,4
DA:136,3
DA:137,3
DA:138,3
DA:139,3
DA:140,3
DA:141,4
DA:142,1
DA:143,1
DA:144,1
DA:145,1
DA:146,1
DA:147,4
DA:148,2
DA:149,2
DA:150,2
DA:151,1
DA:152,1
DA:153,1
DA:154,1
DA:155,1
DA:156,1
DA:157,1
DA:158,1
DA:159,1
DA:160,1
DA:161,1
DA:162,2
DA:163,2
DA:164,0
DA:165,4
DA:166,1
DA:167,1
DA:168,1
DA:169,1
DA:170,1
DA:171,4
DA:172,15
DA:173,15
DA:174,0
DA:175,0
DA:176,0
DA:177,0
DA:178,0
DA:179,0
DA:180,0
DA:181,0
DA:182,0
DA:183,0
DA:184,0
DA:185,0
DA:186,0
DA:187,0
DA:188,0
DA:189,0
DA:190,0
DA:191,0
DA:192,0
DA:193,0
DA:194,0
DA:195,0
DA:196,0
DA:197,0
DA:198,0
DA:199,0
DA:200,0
DA:201,0
DA:202,0
DA:203,0
DA:204,0
DA:205,0
DA:206,0
DA:207,0
DA:208,0
DA:209,0
DA:210,0
DA:211,0
DA:212,0
DA:213,15
DA:214,15
DA:215,5
DA:216,1
DA:217,1
DA:218,1
DA:219,1
DA:220,1
DA:221,4
DA:222,4
DA:223,4
DA:224,4
DA:225,4
DA:226,4
DA:227,4
DA:228,4
DA:229,4
DA:230,4
DA:231,4
DA:232,4
DA:233,4
DA:234,4
DA:235,4
DA:236,4
DA:237,4
DA:238,4
DA:239,5
DA:240,3
DA:241,3
DA:242,3
DA:243,3
DA:244,3
DA:245,5
DA:246,1
DA:247,1
DA:248,1
DA:249,1
DA:250,1
DA:251,5
DA:252,2
DA:253,1
DA:254,1
DA:255,1
DA:256,1
DA:257,1
DA:258,1
DA:259,1
DA:260,1
DA:261,1
DA:262,1
DA:263,1
DA:264,5
DA:265,1
DA:266,1
DA:267,1
DA:268,1
DA:269,1
DA:270,5
DA:271,15
DA:272,15
DA:273,2
DA:274,2
DA:275,2
DA:276,2
DA:277,2
DA:278,2
DA:279,2
DA:280,2
DA:281,2
DA:282,2
DA:283,2
DA:284,2
DA:285,2
DA:286,2
DA:287,2
DA:288,2
DA:289,2
DA:290,2
DA:291,2
DA:292,2
DA:293,2
DA:294,2
DA:295,2
DA:296,2
DA:297,2
DA:298,2
DA:299,2
DA:300,2
DA:301,2
DA:302,2
DA:303,2
DA:304,2
DA:305,2
DA:306,2
DA:307,2
DA:308,2
DA:309,2
DA:310,2
DA:311,1
DA:312,1
DA:313,1
DA:314,1
DA:315,1
DA:316,2
DA:317,15
LF:317
LH:222
BRDA:22,0,0,15
BRDA:26,1,0,15
BRDA:30,2,0,3
BRDA:34,3,0,1
BRDA:35,4,0,0
BRDA:35,5,0,0
BRDA:38,6,0,1
BRDA:97,7,0,2
BRDA:103,8,0,0
BRDA:108,9,0,1
BRDA:123,10,0,6
BRDA:128,11,0,4
BRDA:135,12,0,3
BRDA:141,13,0,1
BRDA:147,14,0,2
BRDA:150,15,0,1
BRDA:164,16,0,0
BRDA:165,17,0,1
BRDA:214,18,0,5
BRDA:215,19,0,1
BRDA:221,20,0,4
BRDA:239,21,0,3
BRDA:245,22,0,1
BRDA:251,23,0,2
BRDA:252,24,0,1
BRDA:264,25,0,1
BRDA:272,26,0,2
BRDA:274,27,0,0
BRDA:275,28,0,0
BRDA:290,29,0,0
BRDA:310,30,0,1
BRF:31
BRH:24
end_of_record
